07-10 06:40 configs.path_configs INFO     Hyperparameters:
07-10 06:40 configs.path_configs INFO     ACCU_GRAD -> 1
07-10 06:40 configs.path_configs INFO     ATTENTION_HEAD -> 8
07-10 06:40 configs.path_configs INFO     BATCH_SIZE -> 16
07-10 06:40 configs.path_configs INFO     BIO_SCHEME -> ['raddle-noisy-slot', 'snips-noisy-slot', 'atis-slot', 'snips-slot', 'multilingual', 'movie', 'chunk-conll2003', 'ner-conll2003']
07-10 06:40 configs.path_configs INFO     CKPTS_PATH -> ./ckpts
07-10 06:40 configs.path_configs INFO     CKPT_EPOCH -> 0
07-10 06:40 configs.path_configs INFO     CKPT_PATH -> None
07-10 06:40 configs.path_configs INFO     CKPT_VERSION -> default_1701210
07-10 06:40 configs.path_configs INFO     DATASET -> raddle-noisy-slot
07-10 06:40 configs.path_configs INFO     DATA_PATH -> defaultdict(<class 'dict'>, {'raddle-noisy-slot': {'train': '/content/drive/MyDrive/tapir/data/train/train.raddle_noisy_slot', 'valid': '/content/drive/MyDrive/tapir/data/valid/valid.raddle_noisy_slot', 'test': '/content/drive/MyDrive/tapir/data/test/test.raddle_noisy_slot'}, 'snips-noisy-slot': {'train': '/content/drive/MyDrive/tapir/data/train/train.snips_noisy_slot', 'valid': '/content/drive/MyDrive/tapir/data/valid/valid.snips_noisy_slot', 'test': '/content/drive/MyDrive/tapir/data/test/test.snips_noisy_slot'}, 'snips-slot': {'train': '/content/drive/MyDrive/tapir/data/train/train.snips_slot', 'valid': '/content/drive/MyDrive/tapir/data/valid/valid.snips_slot', 'test': '/content/drive/MyDrive/tapir/data/test/test.snips_slot'}, 'atis-slot': {'train': '/content/drive/MyDrive/tapir/data/train/train.atis_slot', 'valid': '/content/drive/MyDrive/tapir/data/valid/valid.atis_slot', 'test': '/content/drive/MyDrive/tapir/data/test/test.atis_slot'}, 'multilingual': {'train': '/content/drive/MyDrive/tapir/data/train/train.multilingual_task_oriented', 'valid': '/content/drive/MyDrive/tapir/data/valid/valid.multilingual_task_oriented', 'test': '/content/drive/MyDrive/tapir/data/test/test.multilingual_task_oriented'}, 'movie': {'train': '/content/drive/MyDrive/tapir/data/train/train.movie', 'valid': '/content/drive/MyDrive/tapir/data/valid/valid.movie', 'test': '/content/drive/MyDrive/tapir/data/test/test.movie'}, 'chunk-conll2003': {'train': '/content/drive/MyDrive/tapir/data/train/train.chunk_conll2003', 'valid': '/content/drive/MyDrive/tapir/data/valid/valid.chunk_conll2003', 'test': '/content/drive/MyDrive/tapir/data/test/test.chunk_conll2003'}, 'pos-conll2003': {'train': '/content/drive/MyDrive/tapir/data/train/train.pos_conll2003', 'valid': '/content/drive/MyDrive/tapir/data/valid/valid.pos_conll2003', 'test': '/content/drive/MyDrive/tapir/data/test/test.pos_conll2003'}, 'ner-conll2003': {'train': '/content/drive/MyDrive/tapir/data/train/train.ner_conll2003', 'valid': '/content/drive/MyDrive/tapir/data/valid/valid.ner_conll2003', 'test': '/content/drive/MyDrive/tapir/data/test/test.ner_conll2003'}, 'pos-ud-ewt': {'train': '/content/drive/MyDrive/tapir/data/train/train.ud_ewt', 'valid': '/content/drive/MyDrive/tapir/data/valid/valid.ud_ewt', 'test': '/content/drive/MyDrive/tapir/data/test/test.ud_ewt'}})
07-10 06:40 configs.path_configs INFO     DATA_ROOT_PATH -> /content/drive/MyDrive/tapir/data/
07-10 06:40 configs.path_configs INFO     DELAY -> 0
07-10 06:40 configs.path_configs INFO     DEVICES -> [0]
07-10 06:40 configs.path_configs INFO     DROPOUT -> 0.1
07-10 06:40 configs.path_configs INFO     FF_SIZE -> 2048
07-10 06:40 configs.path_configs INFO     GPU -> 0
07-10 06:40 configs.path_configs INFO     GRAD_CLIP -> -1
07-10 06:40 configs.path_configs INFO     HIDDEN_SIZE -> 512
07-10 06:40 configs.path_configs INFO     INCR_EVAL -> False
07-10 06:40 configs.path_configs INFO     LAYER -> 4
07-10 06:40 configs.path_configs INFO     LOG_OFFLINE -> False
07-10 06:40 configs.path_configs INFO     LOG_PATH -> ./results/log
07-10 06:40 configs.path_configs INFO     LR -> 0.0001
07-10 06:40 configs.path_configs INFO     LR_DECAY_LIST -> [30, 40, 45]
07-10 06:40 configs.path_configs INFO     LR_DECAY_RATE -> 0.5
07-10 06:40 configs.path_configs INFO     MAX_EPOCH -> 50
07-10 06:40 configs.path_configs INFO     MAX_TOKEN -> 200
07-10 06:40 configs.path_configs INFO     MODEL -> transformers
07-10 06:40 configs.path_configs INFO     MODEL_CONFIG -> reviser
07-10 06:40 configs.path_configs INFO     NUM_WORKERS -> 4
07-10 06:40 configs.path_configs INFO     N_GPU -> 1
07-10 06:40 configs.path_configs INFO     OPT -> AdamW
07-10 06:40 configs.path_configs INFO     OPT_PARAMS -> {'betas': (0.9, 0.98), 'eps': 1e-09, 'weight_decay': 0.01, 'amsgrad': False}
07-10 06:40 configs.path_configs INFO     PATIENCE -> 10
07-10 06:40 configs.path_configs INFO     PIN_MEM -> True
07-10 06:40 configs.path_configs INFO     RESULT_PATH -> ./results/result_test
07-10 06:40 configs.path_configs INFO     RESUME -> False
07-10 06:40 configs.path_configs INFO     REV_THRESHOLD -> 0.5
07-10 06:40 configs.path_configs INFO     RUN_MODE -> train
07-10 06:40 configs.path_configs INFO     SEED -> 42119392
07-10 06:40 configs.path_configs INFO     SEQ_LABELLING -> ['raddle-noisy-slot', 'snips-noisy-slot', 'atis-slot', 'snips-slot', 'multilingual', 'movie', 'chunk-conll2003', 'pos-conll2003', 'ner-conll2003', 'pos-ud-ewt']
07-10 06:40 configs.path_configs INFO     SPD_BENCHMARK -> False
07-10 06:40 configs.path_configs INFO     SPLIT -> {'train': 'train', 'valid': 'valid', 'test': 'test', 'train_only': 'train'}
07-10 06:40 configs.path_configs INFO     SPLIT_PATH -> {'train': '/content/drive/MyDrive/tapir/data/train/', 'valid': '/content/drive/MyDrive/tapir/data/valid/', 'test': '/content/drive/MyDrive/tapir/data/test/'}
07-10 06:40 configs.path_configs INFO     TASK_TYPE -> labelling
07-10 06:40 configs.path_configs INFO     TRAIN_SPLIT -> train
07-10 06:40 configs.path_configs INFO     UNK_PROB -> 0.02
07-10 06:40 configs.path_configs INFO     USE_GLOVE -> True
07-10 06:40 configs.path_configs INFO     VERSION -> default
07-10 06:40 configs.path_configs INFO     WARMUP_EPOCH -> 5
07-10 06:40 configs.path_configs INFO     WORD_EMBED_SIZE -> 300
07-10 06:40 configs.path_configs INFO     
07-10 06:40 configs.path_configs INFO     Checking the datasets...
07-10 06:40 configs.path_configs INFO     Finished checking the datasets!
